<?xml version="1.0" encoding="UTF-8"?>
<testsuite name="MainTest" tests="4" skipped="0" failures="0" errors="0" timestamp="2023-03-12T11:16:10" hostname="DESKTOP-8UH2HTJ" time="0.129">
  <properties/>
  <testcase name="[1] 1, 2, number 12" classname="MainTest" time="0.102"/>
  <testcase name="[2] -1, -2, number -1-2" classname="MainTest" time="0.002"/>
  <testcase name="[3] 22, 44, number 2244" classname="MainTest" time="0.002"/>
  <testcase name="[4] 84756745, 27658756, number 8475674527658756" classname="MainTest" time="0.002"/>
  <system-out><![CDATA[]]></system-out>
  <system-err><![CDATA[]]></system-err>
</testsuite>
