<?xml version="1.0" encoding="UTF-8"?>
<testsuite name="MainTest" tests="3" skipped="0" failures="0" errors="0" timestamp="2023-02-26T18:16:19" hostname="DESKTOP-8UH2HTJ" time="0.091">
  <properties/>
  <testcase name="shouldReturnStringWithNumber()" classname="MainTest" time="0.079"/>
  <testcase name="shouldSumPositiveNumbers()" classname="MainTest" time="0.003"/>
  <testcase name="shouldSumNegativeNumbers()" classname="MainTest" time="0.001"/>
  <system-out><![CDATA[]]></system-out>
  <system-err><![CDATA[]]></system-err>
</testsuite>
